<?xml version="1.0" encoding="UTF-8"?>
<coverage generated="1743632612577" clover="3.2.0">
  <project timestamp="1743632612577" name="All files">
    <metrics statements="178" coveredstatements="150" conditionals="85" coveredconditionals="55" methods="53" coveredmethods="41" elements="316" coveredelements="246" complexity="0" loc="178" ncloc="178" packages="1" files="6" classes="6"/>
    <file name="course-offering.js" path="/Users/sarahallerheiligen/Desktop/ser330-crs-2025/src/course-offering.js">
      <metrics statements="25" coveredstatements="20" conditionals="8" coveredconditionals="4" methods="6" coveredmethods="5"/>
      <line num="1" count="4" type="stmt"/>
      <line num="5" count="19" type="stmt"/>
      <line num="6" count="19" type="stmt"/>
      <line num="7" count="19" type="stmt"/>
      <line num="8" count="19" type="stmt"/>
      <line num="9" count="19" type="stmt"/>
      <line num="10" count="19" type="stmt"/>
      <line num="11" count="19" type="stmt"/>
      <line num="15" count="1" type="stmt"/>
      <line num="16" count="1" type="stmt"/>
      <line num="17" count="1" type="stmt"/>
      <line num="22" count="1" type="stmt"/>
      <line num="26" count="4" type="stmt"/>
      <line num="41" count="4" type="cond" truecount="3" falsecount="1"/>
      <line num="42" count="4" type="stmt"/>
      <line num="43" count="4" type="stmt"/>
      <line num="44" count="4" type="stmt"/>
      <line num="46" count="0" type="stmt"/>
      <line num="51" count="0" type="cond" truecount="0" falsecount="2"/>
      <line num="52" count="0" type="stmt"/>
      <line num="54" count="0" type="stmt"/>
      <line num="59" count="12" type="cond" truecount="1" falsecount="1"/>
      <line num="60" count="0" type="stmt"/>
      <line num="62" count="12" type="stmt"/>
      <line num="67" count="4" type="stmt"/>
    </file>
    <file name="course.js" path="/Users/sarahallerheiligen/Desktop/ser330-crs-2025/src/course.js">
      <metrics statements="6" coveredstatements="5" conditionals="0" coveredconditionals="0" methods="2" coveredmethods="1"/>
      <line num="3" count="21" type="stmt"/>
      <line num="4" count="21" type="stmt"/>
      <line num="5" count="21" type="stmt"/>
      <line num="6" count="21" type="stmt"/>
      <line num="11" count="0" type="stmt"/>
      <line num="15" count="4" type="stmt"/>
    </file>
    <file name="institution.js" path="/Users/sarahallerheiligen/Desktop/ser330-crs-2025/src/institution.js">
      <metrics statements="95" coveredstatements="78" conditionals="59" coveredconditionals="38" methods="22" coveredmethods="18"/>
      <line num="1" count="4" type="stmt"/>
      <line num="2" count="4" type="stmt"/>
      <line num="3" count="4" type="stmt"/>
      <line num="4" count="4" type="stmt"/>
      <line num="10" count="44" type="stmt"/>
      <line num="11" count="44" type="stmt"/>
      <line num="12" count="44" type="stmt"/>
      <line num="13" count="44" type="stmt"/>
      <line num="14" count="44" type="stmt"/>
      <line num="15" count="44" type="stmt"/>
      <line num="20" count="1" type="stmt"/>
      <line num="24" count="1" type="stmt"/>
      <line num="25" count="1" type="stmt"/>
      <line num="27" count="1" type="stmt"/>
      <line num="29" count="1" type="stmt"/>
      <line num="31" count="1" type="stmt"/>
      <line num="34" count="1" type="stmt"/>
      <line num="39" count="4" type="cond" truecount="1" falsecount="1"/>
      <line num="40" count="4" type="cond" truecount="1" falsecount="1"/>
      <line num="41" count="0" type="stmt"/>
      <line num="45" count="4" type="stmt"/>
      <line num="48" count="0" type="stmt"/>
      <line num="52" count="4" type="stmt"/>
      <line num="64" count="3" type="stmt"/>
      <line num="65" count="3" type="cond" truecount="1" falsecount="1"/>
      <line num="72" count="3" type="cond" truecount="1" falsecount="1"/>
      <line num="73" count="0" type="cond" truecount="0" falsecount="2"/>
      <line num="74" count="0" type="stmt"/>
      <line num="78" count="0" type="stmt"/>
      <line num="87" count="1" type="stmt"/>
      <line num="90" count="1" type="stmt"/>
      <line num="91" count="1" type="stmt"/>
      <line num="93" count="1" type="stmt"/>
      <line num="94" count="1" type="stmt"/>
      <line num="95" count="1" type="stmt"/>
      <line num="98" count="1" type="stmt"/>
      <line num="102" count="6" type="cond" truecount="2" falsecount="0"/>
      <line num="103" count="5" type="cond" truecount="1" falsecount="1"/>
      <line num="104" count="0" type="stmt"/>
      <line num="108" count="5" type="stmt"/>
      <line num="111" count="1" type="stmt"/>
      <line num="124" count="1" type="stmt"/>
      <line num="125" count="1" type="cond" truecount="1" falsecount="1"/>
      <line num="132" count="0" type="cond" truecount="0" falsecount="2"/>
      <line num="133" count="0" type="stmt"/>
      <line num="137" count="0" type="stmt"/>
      <line num="138" count="0" type="stmt"/>
      <line num="139" count="0" type="stmt"/>
      <line num="144" count="1" type="stmt"/>
      <line num="153" count="1" type="stmt"/>
      <line num="156" count="1" type="stmt"/>
      <line num="157" count="1" type="stmt"/>
      <line num="159" count="1" type="stmt"/>
      <line num="162" count="1" type="stmt"/>
      <line num="167" count="2" type="cond" truecount="2" falsecount="0"/>
      <line num="168" count="1" type="stmt"/>
      <line num="169" count="1" type="stmt"/>
      <line num="172" count="1" type="stmt"/>
      <line num="173" count="2" type="stmt"/>
      <line num="175" count="2" type="cond" truecount="1" falsecount="2"/>
      <line num="179" count="2" type="stmt"/>
      <line num="181" count="1" type="cond" truecount="1" falsecount="1"/>
      <line num="182" count="0" type="stmt"/>
      <line num="184" count="1" type="stmt"/>
      <line num="187" count="1" type="stmt"/>
      <line num="188" count="1" type="stmt"/>
      <line num="191" count="1" type="cond" truecount="1" falsecount="1"/>
      <line num="192" count="1" type="stmt"/>
      <line num="193" count="1" type="stmt"/>
      <line num="194" count="1" type="cond" truecount="1" falsecount="1"/>
      <line num="196" count="1" type="stmt"/>
      <line num="198" count="1" type="cond" truecount="1" falsecount="1"/>
      <line num="199" count="0" type="stmt"/>
      <line num="201" count="1" type="stmt"/>
      <line num="204" count="0" type="stmt"/>
      <line num="209" count="2" type="stmt"/>
      <line num="221" count="1" type="stmt"/>
      <line num="222" count="1" type="cond" truecount="1" falsecount="1"/>
      <line num="229" count="1" type="stmt"/>
      <line num="232" count="1" type="stmt"/>
      <line num="233" count="0" type="stmt"/>
      <line num="236" count="0" type="stmt"/>
      <line num="240" count="0" type="stmt"/>
      <line num="244" count="14" type="cond" truecount="2" falsecount="0"/>
      <line num="245" count="13" type="cond" truecount="2" falsecount="0"/>
      <line num="246" count="1" type="stmt"/>
      <line num="248" count="12" type="stmt"/>
      <line num="251" count="1" type="stmt"/>
      <line num="256" count="11" type="cond" truecount="2" falsecount="0"/>
      <line num="257" count="10" type="cond" truecount="2" falsecount="0"/>
      <line num="258" count="8" type="stmt"/>
      <line num="260" count="8" type="stmt"/>
      <line num="262" count="2" type="stmt"/>
      <line num="265" count="1" type="stmt"/>
      <line num="270" count="4" type="stmt"/>
    </file>
    <file name="instructor.js" path="/Users/sarahallerheiligen/Desktop/ser330-crs-2025/src/instructor.js">
      <metrics statements="19" coveredstatements="18" conditionals="12" coveredconditionals="10" methods="14" coveredmethods="9"/>
      <line num="1" count="4" type="stmt"/>
      <line num="5" count="16" type="stmt"/>
      <line num="7" count="16" type="stmt"/>
      <line num="11" count="4" type="cond" truecount="4" falsecount="0"/>
      <line num="12" count="2" type="cond" truecount="2" falsecount="0"/>
      <line num="13" count="1" type="stmt"/>
      <line num="14" count="1" type="stmt"/>
      <line num="15" count="3" type="cond" truecount="2" falsecount="0"/>
      <line num="16" count="2" type="stmt"/>
      <line num="17" count="1" type="stmt"/>
      <line num="18" count="1" type="stmt"/>
      <line num="19" count="2" type="cond" truecount="2" falsecount="0"/>
      <line num="20" count="2" type="stmt"/>
      <line num="21" count="1" type="stmt"/>
      <line num="22" count="1" type="stmt"/>
      <line num="24" count="1" type="stmt"/>
      <line num="25" count="2" type="stmt"/>
      <line num="30" count="0" type="stmt"/>
      <line num="37" count="4" type="stmt"/>
    </file>
    <file name="person.js" path="/Users/sarahallerheiligen/Desktop/ser330-crs-2025/src/person.js">
      <metrics statements="9" coveredstatements="8" conditionals="0" coveredconditionals="0" methods="3" coveredmethods="2"/>
      <line num="3" count="36" type="stmt"/>
      <line num="4" count="36" type="stmt"/>
      <line num="5" count="36" type="stmt"/>
      <line num="6" count="36" type="stmt"/>
      <line num="7" count="36" type="stmt"/>
      <line num="8" count="36" type="stmt"/>
      <line num="12" count="7" type="stmt"/>
      <line num="16" count="0" type="stmt"/>
      <line num="24" count="4" type="stmt"/>
    </file>
    <file name="student.js" path="/Users/sarahallerheiligen/Desktop/ser330-crs-2025/src/student.js">
      <metrics statements="24" coveredstatements="21" conditionals="6" coveredconditionals="3" methods="6" coveredmethods="6"/>
      <line num="1" count="4" type="stmt"/>
      <line num="5" count="17" type="stmt"/>
      <line num="6" count="17" type="stmt"/>
      <line num="7" count="17" type="stmt"/>
      <line num="11" count="4" type="stmt"/>
      <line num="13" count="6" type="stmt"/>
      <line num="14" count="6" type="cond" truecount="1" falsecount="1"/>
      <line num="15" count="0" type="stmt"/>
      <line num="17" count="4" type="stmt"/>
      <line num="21" count="6" type="stmt"/>
      <line num="22" count="6" type="stmt"/>
      <line num="23" count="4" type="stmt"/>
      <line num="25" count="6" type="stmt"/>
      <line num="29" count="5" type="stmt"/>
      <line num="30" count="5" type="stmt"/>
      <line num="32" count="5" type="stmt"/>
      <line num="48" count="5" type="stmt"/>
      <line num="49" count="1" type="cond" truecount="1" falsecount="1"/>
      <line num="50" count="0" type="stmt"/>
      <line num="51" count="0" type="stmt"/>
      <line num="55" count="5" type="cond" truecount="1" falsecount="1"/>
      <line num="56" count="5" type="stmt"/>
      <line num="60" count="4" type="stmt"/>
      <line num="70" count="4" type="stmt"/>
    </file>
  </project>
</coverage>
