{"/Users/sarahallerheiligen/Desktop/ser330-crs-2025/src/course-offering.js": {"path":"/Users/sarahallerheiligen/Desktop/ser330-crs-2025/src/course-offering.js","statementMap":{"0":{"start":{"line":1,"column":16},"end":{"line":1,"column":39}},"1":{"start":{"line":5,"column":4},"end":{"line":5,"column":25}},"2":{"start":{"line":6,"column":4},"end":{"line":6,"column":39}},"3":{"start":{"line":7,"column":4},"end":{"line":7,"column":27}},"4":{"start":{"line":8,"column":4},"end":{"line":8,"column":21}},"5":{"start":{"line":9,"column":4},"end":{"line":9,"column":27}},"6":{"start":{"line":10,"column":4},"end":{"line":10,"column":33}},"7":{"start":{"line":11,"column":4},"end":{"line":11,"column":21}},"8":{"start":{"line":15,"column":4},"end":{"line":18,"column":5}},"9":{"start":{"line":16,"column":6},"end":{"line":16,"column":44}},"10":{"start":{"line":17,"column":6},"end":{"line":17,"column":36}},"11":{"start":{"line":22,"column":4},"end":{"line":22,"column":35}},"12":{"start":{"line":26,"column":24},"end":{"line":40,"column":5}},"13":{"start":{"line":41,"column":4},"end":{"line":47,"column":5}},"14":{"start":{"line":42,"column":6},"end":{"line":42,"column":44}},"15":{"start":{"line":43,"column":18},"end":{"line":43,"column":33}},"16":{"start":{"line":44,"column":6},"end":{"line":44,"column":38}},"17":{"start":{"line":46,"column":6},"end":{"line":46,"column":42}},"18":{"start":{"line":51,"column":4},"end":{"line":55,"column":5}},"19":{"start":{"line":52,"column":6},"end":{"line":52,"column":43}},"20":{"start":{"line":54,"column":6},"end":{"line":54,"column":34}},"21":{"start":{"line":59,"column":4},"end":{"line":63,"column":5}},"22":{"start":{"line":60,"column":6},"end":{"line":60,"column":195}},"23":{"start":{"line":62,"column":6},"end":{"line":62,"column":137}},"24":{"start":{"line":67,"column":0},"end":{"line":67,"column":32}}},"fnMap":{"0":{"name":"(anonymous_0)","decl":{"start":{"line":4,"column":2},"end":{"line":4,"column":3}},"loc":{"start":{"line":4,"column":52},"end":{"line":12,"column":3}},"line":4},"1":{"name":"(anonymous_1)","decl":{"start":{"line":14,"column":2},"end":{"line":14,"column":3}},"loc":{"start":{"line":14,"column":30},"end":{"line":19,"column":3}},"line":14},"2":{"name":"(anonymous_2)","decl":{"start":{"line":21,"column":2},"end":{"line":21,"column":3}},"loc":{"start":{"line":21,"column":17},"end":{"line":23,"column":3}},"line":21},"3":{"name":"(anonymous_3)","decl":{"start":{"line":25,"column":2},"end":{"line":25,"column":3}},"loc":{"start":{"line":25,"column":31},"end":{"line":48,"column":3}},"line":25},"4":{"name":"(anonymous_4)","decl":{"start":{"line":50,"column":2},"end":{"line":50,"column":3}},"loc":{"start":{"line":50,"column":21},"end":{"line":56,"column":3}},"line":50},"5":{"name":"(anonymous_5)","decl":{"start":{"line":58,"column":2},"end":{"line":58,"column":3}},"loc":{"start":{"line":58,"column":13},"end":{"line":64,"column":3}},"line":58}},"branchMap":{"0":{"loc":{"start":{"line":41,"column":4},"end":{"line":47,"column":5}},"type":"if","locations":[{"start":{"line":41,"column":4},"end":{"line":47,"column":5}},{"start":{"line":45,"column":11},"end":{"line":47,"column":5}}],"line":41},"1":{"loc":{"start":{"line":41,"column":8},"end":{"line":41,"column":65}},"type":"binary-expr","locations":[{"start":{"line":41,"column":8},"end":{"line":41,"column":34}},{"start":{"line":41,"column":38},"end":{"line":41,"column":65}}],"line":41},"2":{"loc":{"start":{"line":51,"column":4},"end":{"line":55,"column":5}},"type":"if","locations":[{"start":{"line":51,"column":4},"end":{"line":55,"column":5}},{"start":{"line":53,"column":11},"end":{"line":55,"column":5}}],"line":51},"3":{"loc":{"start":{"line":59,"column":4},"end":{"line":63,"column":5}},"type":"if","locations":[{"start":{"line":59,"column":4},"end":{"line":63,"column":5}},{"start":{"line":61,"column":11},"end":{"line":63,"column":5}}],"line":59}},"s":{"0":4,"1":19,"2":19,"3":19,"4":19,"5":19,"6":19,"7":19,"8":1,"9":1,"10":1,"11":1,"12":4,"13":4,"14":4,"15":4,"16":4,"17":0,"18":0,"19":0,"20":0,"21":12,"22":0,"23":12,"24":4},"f":{"0":19,"1":1,"2":1,"3":4,"4":0,"5":12},"b":{"0":[4,0],"1":[4,4],"2":[0,0],"3":[0,12]},"_coverageSchema":"1a1c01bbd47fc00a2c39e90264f33305004495a9","hash":"1ab1c26a6216eb9b16d0bd827f8d0e772e9d3bfc"}
,"/Users/sarahallerheiligen/Desktop/ser330-crs-2025/src/course.js": {"path":"/Users/sarahallerheiligen/Desktop/ser330-crs-2025/src/course.js","statementMap":{"0":{"start":{"line":3,"column":4},"end":{"line":3,"column":32}},"1":{"start":{"line":4,"column":4},"end":{"line":4,"column":24}},"2":{"start":{"line":5,"column":4},"end":{"line":5,"column":20}},"3":{"start":{"line":6,"column":4},"end":{"line":6,"column":26}},"4":{"start":{"line":11,"column":4},"end":{"line":11,"column":86}},"5":{"start":{"line":15,"column":0},"end":{"line":15,"column":23}}},"fnMap":{"0":{"name":"(anonymous_0)","decl":{"start":{"line":2,"column":2},"end":{"line":2,"column":3}},"loc":{"start":{"line":2,"column":50},"end":{"line":7,"column":3}},"line":2},"1":{"name":"(anonymous_1)","decl":{"start":{"line":9,"column":2},"end":{"line":9,"column":3}},"loc":{"start":{"line":9,"column":14},"end":{"line":12,"column":3}},"line":9}},"branchMap":{},"s":{"0":21,"1":21,"2":21,"3":21,"4":0,"5":4},"f":{"0":21,"1":0},"b":{},"_coverageSchema":"1a1c01bbd47fc00a2c39e90264f33305004495a9","hash":"e514adb446b880fd4ff4073ed852786ed44f22fc"}
,"/Users/sarahallerheiligen/Desktop/ser330-crs-2025/src/institution.js": {"path":"/Users/sarahallerheiligen/Desktop/ser330-crs-2025/src/institution.js","statementMap":{"0":{"start":{"line":1,"column":15},"end":{"line":1,"column":37}},"1":{"start":{"line":2,"column":16},"end":{"line":2,"column":39}},"2":{"start":{"line":3,"column":23},"end":{"line":3,"column":54}},"3":{"start":{"line":4,"column":19},"end":{"line":4,"column":45}},"4":{"start":{"line":10,"column":4},"end":{"line":10,"column":21}},"5":{"start":{"line":11,"column":4},"end":{"line":11,"column":25}},"6":{"start":{"line":12,"column":4},"end":{"line":12,"column":26}},"7":{"start":{"line":13,"column":4},"end":{"line":13,"column":28}},"8":{"start":{"line":14,"column":4},"end":{"line":14,"column":29}},"9":{"start":{"line":15,"column":4},"end":{"line":15,"column":26}},"10":{"start":{"line":20,"column":4},"end":{"line":22,"column":6}},"11":{"start":{"line":24,"column":24},"end":{"line":26,"column":5}},"12":{"start":{"line":25,"column":19},"end":{"line":25,"column":62}},"13":{"start":{"line":27,"column":30},"end":{"line":27,"column":48}},"14":{"start":{"line":29,"column":4},"end":{"line":29,"column":65}},"15":{"start":{"line":29,"column":43},"end":{"line":29,"column":63}},"16":{"start":{"line":31,"column":4},"end":{"line":31,"column":22}},"17":{"start":{"line":34,"column":4},"end":{"line":34,"column":28}},"18":{"start":{"line":39,"column":4},"end":{"line":49,"column":5}},"19":{"start":{"line":40,"column":6},"end":{"line":46,"column":7}},"20":{"start":{"line":41,"column":8},"end":{"line":43,"column":10}},"21":{"start":{"line":45,"column":8},"end":{"line":45,"column":53}},"22":{"start":{"line":48,"column":6},"end":{"line":48,"column":57}},"23":{"start":{"line":52,"column":4},"end":{"line":52,"column":28}},"24":{"start":{"line":64,"column":4},"end":{"line":82,"column":5}},"25":{"start":{"line":65,"column":6},"end":{"line":81,"column":7}},"26":{"start":{"line":72,"column":8},"end":{"line":80,"column":9}},"27":{"start":{"line":73,"column":10},"end":{"line":79,"column":11}},"28":{"start":{"line":74,"column":12},"end":{"line":76,"column":14}},"29":{"start":{"line":78,"column":12},"end":{"line":78,"column":50}},"30":{"start":{"line":87,"column":4},"end":{"line":89,"column":6}},"31":{"start":{"line":90,"column":24},"end":{"line":92,"column":5}},"32":{"start":{"line":91,"column":22},"end":{"line":91,"column":71}},"33":{"start":{"line":93,"column":30},"end":{"line":93,"column":48}},"34":{"start":{"line":94,"column":4},"end":{"line":94,"column":71}},"35":{"start":{"line":94,"column":46},"end":{"line":94,"column":69}},"36":{"start":{"line":95,"column":4},"end":{"line":95,"column":22}},"37":{"start":{"line":98,"column":4},"end":{"line":98,"column":28}},"38":{"start":{"line":102,"column":4},"end":{"line":112,"column":5}},"39":{"start":{"line":103,"column":6},"end":{"line":109,"column":7}},"40":{"start":{"line":104,"column":8},"end":{"line":106,"column":10}},"41":{"start":{"line":108,"column":8},"end":{"line":108,"column":59}},"42":{"start":{"line":111,"column":6},"end":{"line":111,"column":60}},"43":{"start":{"line":124,"column":4},"end":{"line":148,"column":5}},"44":{"start":{"line":125,"column":6},"end":{"line":147,"column":7}},"45":{"start":{"line":132,"column":8},"end":{"line":142,"column":9}},"46":{"start":{"line":133,"column":10},"end":{"line":135,"column":12}},"47":{"start":{"line":137,"column":10},"end":{"line":137,"column":43}},"48":{"start":{"line":138,"column":10},"end":{"line":138,"column":47}},"49":{"start":{"line":139,"column":10},"end":{"line":141,"column":12}},"50":{"start":{"line":144,"column":8},"end":{"line":146,"column":10}},"51":{"start":{"line":153,"column":4},"end":{"line":155,"column":6}},"52":{"start":{"line":156,"column":4},"end":{"line":158,"column":5}},"53":{"start":{"line":157,"column":6},"end":{"line":157,"column":26}},"54":{"start":{"line":159,"column":4},"end":{"line":159,"column":22}},"55":{"start":{"line":162,"column":4},"end":{"line":162,"column":30}},"56":{"start":{"line":167,"column":4},"end":{"line":206,"column":5}},"57":{"start":{"line":168,"column":23},"end":{"line":168,"column":25}},"58":{"start":{"line":169,"column":6},"end":{"line":171,"column":8}},"59":{"start":{"line":172,"column":6},"end":{"line":180,"column":7}},"60":{"start":{"line":173,"column":25},"end":{"line":178,"column":9}},"61":{"start":{"line":175,"column":12},"end":{"line":177,"column":47}},"62":{"start":{"line":179,"column":8},"end":{"line":179,"column":67}},"63":{"start":{"line":179,"column":35},"end":{"line":179,"column":65}},"64":{"start":{"line":181,"column":6},"end":{"line":185,"column":7}},"65":{"start":{"line":182,"column":8},"end":{"line":182,"column":54}},"66":{"start":{"line":182,"column":35},"end":{"line":182,"column":52}},"67":{"start":{"line":184,"column":8},"end":{"line":184,"column":57}},"68":{"start":{"line":187,"column":23},"end":{"line":187,"column":25}},"69":{"start":{"line":188,"column":6},"end":{"line":190,"column":8}},"70":{"start":{"line":191,"column":6},"end":{"line":205,"column":7}},"71":{"start":{"line":192,"column":8},"end":{"line":197,"column":9}},"72":{"start":{"line":193,"column":27},"end":{"line":195,"column":11}},"73":{"start":{"line":194,"column":26},"end":{"line":194,"column":80}},"74":{"start":{"line":196,"column":10},"end":{"line":196,"column":69}},"75":{"start":{"line":196,"column":37},"end":{"line":196,"column":67}},"76":{"start":{"line":198,"column":8},"end":{"line":202,"column":9}},"77":{"start":{"line":199,"column":10},"end":{"line":199,"column":56}},"78":{"start":{"line":199,"column":37},"end":{"line":199,"column":54}},"79":{"start":{"line":201,"column":10},"end":{"line":201,"column":69}},"80":{"start":{"line":204,"column":8},"end":{"line":204,"column":56}},"81":{"start":{"line":209,"column":4},"end":{"line":209,"column":31}},"82":{"start":{"line":221,"column":4},"end":{"line":238,"column":5}},"83":{"start":{"line":222,"column":6},"end":{"line":237,"column":7}},"84":{"start":{"line":229,"column":8},"end":{"line":231,"column":10}},"85":{"start":{"line":232,"column":8},"end":{"line":234,"column":9}},"86":{"start":{"line":233,"column":10},"end":{"line":233,"column":67}},"87":{"start":{"line":236,"column":8},"end":{"line":236,"column":44}},"88":{"start":{"line":240,"column":4},"end":{"line":240,"column":43}},"89":{"start":{"line":244,"column":4},"end":{"line":252,"column":5}},"90":{"start":{"line":245,"column":6},"end":{"line":249,"column":7}},"91":{"start":{"line":246,"column":8},"end":{"line":246,"column":47}},"92":{"start":{"line":248,"column":8},"end":{"line":248,"column":49}},"93":{"start":{"line":251,"column":6},"end":{"line":251,"column":68}},"94":{"start":{"line":256,"column":4},"end":{"line":266,"column":5}},"95":{"start":{"line":257,"column":6},"end":{"line":263,"column":7}},"96":{"start":{"line":258,"column":8},"end":{"line":259,"column":64}},"97":{"start":{"line":260,"column":8},"end":{"line":260,"column":77}},"98":{"start":{"line":262,"column":8},"end":{"line":262,"column":72}},"99":{"start":{"line":265,"column":6},"end":{"line":265,"column":70}},"100":{"start":{"line":270,"column":0},"end":{"line":270,"column":29}}},"fnMap":{"0":{"name":"(anonymous_0)","decl":{"start":{"line":9,"column":2},"end":{"line":9,"column":3}},"loc":{"start":{"line":9,"column":28},"end":{"line":16,"column":3}},"line":9},"1":{"name":"(anonymous_1)","decl":{"start":{"line":19,"column":2},"end":{"line":19,"column":3}},"loc":{"start":{"line":19,"column":17},"end":{"line":35,"column":3}},"line":19},"2":{"name":"(anonymous_2)","decl":{"start":{"line":25,"column":6},"end":{"line":25,"column":7}},"loc":{"start":{"line":25,"column":19},"end":{"line":25,"column":62}},"line":25},"3":{"name":"(anonymous_3)","decl":{"start":{"line":29,"column":30},"end":{"line":29,"column":31}},"loc":{"start":{"line":29,"column":43},"end":{"line":29,"column":63}},"line":29},"4":{"name":"(anonymous_4)","decl":{"start":{"line":38,"column":2},"end":{"line":38,"column":3}},"loc":{"start":{"line":38,"column":26},"end":{"line":53,"column":3}},"line":38},"5":{"name":"(anonymous_5)","decl":{"start":{"line":55,"column":2},"end":{"line":55,"column":3}},"loc":{"start":{"line":63,"column":4},"end":{"line":83,"column":3}},"line":63},"6":{"name":"(anonymous_6)","decl":{"start":{"line":86,"column":2},"end":{"line":86,"column":3}},"loc":{"start":{"line":86,"column":21},"end":{"line":99,"column":3}},"line":86},"7":{"name":"(anonymous_7)","decl":{"start":{"line":91,"column":6},"end":{"line":91,"column":7}},"loc":{"start":{"line":91,"column":22},"end":{"line":91,"column":71}},"line":91},"8":{"name":"(anonymous_8)","decl":{"start":{"line":94,"column":30},"end":{"line":94,"column":31}},"loc":{"start":{"line":94,"column":46},"end":{"line":94,"column":69}},"line":94},"9":{"name":"(anonymous_9)","decl":{"start":{"line":101,"column":2},"end":{"line":101,"column":3}},"loc":{"start":{"line":101,"column":30},"end":{"line":113,"column":3}},"line":101},"10":{"name":"(anonymous_10)","decl":{"start":{"line":115,"column":2},"end":{"line":115,"column":3}},"loc":{"start":{"line":123,"column":4},"end":{"line":149,"column":3}},"line":123},"11":{"name":"(anonymous_11)","decl":{"start":{"line":152,"column":2},"end":{"line":152,"column":3}},"loc":{"start":{"line":152,"column":24},"end":{"line":163,"column":3}},"line":152},"12":{"name":"(anonymous_12)","decl":{"start":{"line":166,"column":2},"end":{"line":166,"column":3}},"loc":{"start":{"line":166,"column":51},"end":{"line":210,"column":3}},"line":166},"13":{"name":"(anonymous_13)","decl":{"start":{"line":174,"column":10},"end":{"line":174,"column":11}},"loc":{"start":{"line":175,"column":12},"end":{"line":177,"column":47}},"line":175},"14":{"name":"(anonymous_14)","decl":{"start":{"line":179,"column":25},"end":{"line":179,"column":26}},"loc":{"start":{"line":179,"column":35},"end":{"line":179,"column":65}},"line":179},"15":{"name":"(anonymous_15)","decl":{"start":{"line":182,"column":25},"end":{"line":182,"column":26}},"loc":{"start":{"line":182,"column":35},"end":{"line":182,"column":52}},"line":182},"16":{"name":"(anonymous_16)","decl":{"start":{"line":194,"column":12},"end":{"line":194,"column":13}},"loc":{"start":{"line":194,"column":26},"end":{"line":194,"column":80}},"line":194},"17":{"name":"(anonymous_17)","decl":{"start":{"line":196,"column":27},"end":{"line":196,"column":28}},"loc":{"start":{"line":196,"column":37},"end":{"line":196,"column":67}},"line":196},"18":{"name":"(anonymous_18)","decl":{"start":{"line":199,"column":27},"end":{"line":199,"column":28}},"loc":{"start":{"line":199,"column":37},"end":{"line":199,"column":54}},"line":199},"19":{"name":"(anonymous_19)","decl":{"start":{"line":213,"column":2},"end":{"line":213,"column":3}},"loc":{"start":{"line":220,"column":4},"end":{"line":241,"column":3}},"line":220},"20":{"name":"(anonymous_20)","decl":{"start":{"line":243,"column":2},"end":{"line":243,"column":3}},"loc":{"start":{"line":243,"column":21},"end":{"line":253,"column":3}},"line":243},"21":{"name":"(anonymous_21)","decl":{"start":{"line":255,"column":2},"end":{"line":255,"column":3}},"loc":{"start":{"line":255,"column":38},"end":{"line":267,"column":3}},"line":255}},"branchMap":{"0":{"loc":{"start":{"line":39,"column":4},"end":{"line":49,"column":5}},"type":"if","locations":[{"start":{"line":39,"column":4},"end":{"line":49,"column":5}},{"start":{"line":47,"column":11},"end":{"line":49,"column":5}}],"line":39},"1":{"loc":{"start":{"line":40,"column":6},"end":{"line":46,"column":7}},"type":"if","locations":[{"start":{"line":40,"column":6},"end":{"line":46,"column":7}},{"start":{"line":44,"column":13},"end":{"line":46,"column":7}}],"line":40},"2":{"loc":{"start":{"line":65,"column":6},"end":{"line":81,"column":7}},"type":"if","locations":[{"start":{"line":65,"column":6},"end":{"line":81,"column":7}},{"start":{},"end":{}}],"line":65},"3":{"loc":{"start":{"line":66,"column":8},"end":{"line":70,"column":48}},"type":"binary-expr","locations":[{"start":{"line":66,"column":8},"end":{"line":66,"column":43}},{"start":{"line":67,"column":8},"end":{"line":67,"column":41}},{"start":{"line":68,"column":8},"end":{"line":68,"column":30}},{"start":{"line":69,"column":8},"end":{"line":69,"column":36}},{"start":{"line":70,"column":8},"end":{"line":70,"column":48}}],"line":66},"4":{"loc":{"start":{"line":72,"column":8},"end":{"line":80,"column":9}},"type":"if","locations":[{"start":{"line":72,"column":8},"end":{"line":80,"column":9}},{"start":{},"end":{}}],"line":72},"5":{"loc":{"start":{"line":73,"column":10},"end":{"line":79,"column":11}},"type":"if","locations":[{"start":{"line":73,"column":10},"end":{"line":79,"column":11}},{"start":{"line":77,"column":17},"end":{"line":79,"column":11}}],"line":73},"6":{"loc":{"start":{"line":102,"column":4},"end":{"line":112,"column":5}},"type":"if","locations":[{"start":{"line":102,"column":4},"end":{"line":112,"column":5}},{"start":{"line":110,"column":11},"end":{"line":112,"column":5}}],"line":102},"7":{"loc":{"start":{"line":103,"column":6},"end":{"line":109,"column":7}},"type":"if","locations":[{"start":{"line":103,"column":6},"end":{"line":109,"column":7}},{"start":{"line":107,"column":13},"end":{"line":109,"column":7}}],"line":103},"8":{"loc":{"start":{"line":125,"column":6},"end":{"line":147,"column":7}},"type":"if","locations":[{"start":{"line":125,"column":6},"end":{"line":147,"column":7}},{"start":{"line":143,"column":13},"end":{"line":147,"column":7}}],"line":125},"9":{"loc":{"start":{"line":126,"column":8},"end":{"line":130,"column":48}},"type":"binary-expr","locations":[{"start":{"line":126,"column":8},"end":{"line":126,"column":43}},{"start":{"line":127,"column":8},"end":{"line":127,"column":41}},{"start":{"line":128,"column":8},"end":{"line":128,"column":30}},{"start":{"line":129,"column":8},"end":{"line":129,"column":36}},{"start":{"line":130,"column":8},"end":{"line":130,"column":48}}],"line":126},"10":{"loc":{"start":{"line":132,"column":8},"end":{"line":142,"column":9}},"type":"if","locations":[{"start":{"line":132,"column":8},"end":{"line":142,"column":9}},{"start":{"line":136,"column":15},"end":{"line":142,"column":9}}],"line":132},"11":{"loc":{"start":{"line":166,"column":38},"end":{"line":166,"column":49}},"type":"default-arg","locations":[{"start":{"line":166,"column":45},"end":{"line":166,"column":49}}],"line":166},"12":{"loc":{"start":{"line":167,"column":4},"end":{"line":206,"column":5}},"type":"if","locations":[{"start":{"line":167,"column":4},"end":{"line":206,"column":5}},{"start":{"line":186,"column":11},"end":{"line":206,"column":5}}],"line":167},"13":{"loc":{"start":{"line":175,"column":12},"end":{"line":177,"column":47}},"type":"binary-expr","locations":[{"start":{"line":175,"column":12},"end":{"line":175,"column":34}},{"start":{"line":176,"column":12},"end":{"line":176,"column":40}},{"start":{"line":177,"column":12},"end":{"line":177,"column":47}}],"line":175},"14":{"loc":{"start":{"line":181,"column":6},"end":{"line":185,"column":7}},"type":"if","locations":[{"start":{"line":181,"column":6},"end":{"line":185,"column":7}},{"start":{"line":183,"column":13},"end":{"line":185,"column":7}}],"line":181},"15":{"loc":{"start":{"line":191,"column":6},"end":{"line":205,"column":7}},"type":"if","locations":[{"start":{"line":191,"column":6},"end":{"line":205,"column":7}},{"start":{"line":203,"column":13},"end":{"line":205,"column":7}}],"line":191},"16":{"loc":{"start":{"line":194,"column":26},"end":{"line":194,"column":80}},"type":"binary-expr","locations":[{"start":{"line":194,"column":26},"end":{"line":194,"column":48}},{"start":{"line":194,"column":52},"end":{"line":194,"column":80}}],"line":194},"17":{"loc":{"start":{"line":198,"column":8},"end":{"line":202,"column":9}},"type":"if","locations":[{"start":{"line":198,"column":8},"end":{"line":202,"column":9}},{"start":{"line":200,"column":15},"end":{"line":202,"column":9}}],"line":198},"18":{"loc":{"start":{"line":222,"column":6},"end":{"line":237,"column":7}},"type":"if","locations":[{"start":{"line":222,"column":6},"end":{"line":237,"column":7}},{"start":{},"end":{}}],"line":222},"19":{"loc":{"start":{"line":223,"column":8},"end":{"line":227,"column":48}},"type":"binary-expr","locations":[{"start":{"line":223,"column":8},"end":{"line":223,"column":43}},{"start":{"line":224,"column":8},"end":{"line":224,"column":41}},{"start":{"line":225,"column":8},"end":{"line":225,"column":30}},{"start":{"line":226,"column":8},"end":{"line":226,"column":36}},{"start":{"line":227,"column":8},"end":{"line":227,"column":48}}],"line":223},"20":{"loc":{"start":{"line":244,"column":4},"end":{"line":252,"column":5}},"type":"if","locations":[{"start":{"line":244,"column":4},"end":{"line":252,"column":5}},{"start":{"line":250,"column":11},"end":{"line":252,"column":5}}],"line":244},"21":{"loc":{"start":{"line":245,"column":6},"end":{"line":249,"column":7}},"type":"if","locations":[{"start":{"line":245,"column":6},"end":{"line":249,"column":7}},{"start":{"line":247,"column":13},"end":{"line":249,"column":7}}],"line":245},"22":{"loc":{"start":{"line":256,"column":4},"end":{"line":266,"column":5}},"type":"if","locations":[{"start":{"line":256,"column":4},"end":{"line":266,"column":5}},{"start":{"line":264,"column":11},"end":{"line":266,"column":5}}],"line":256},"23":{"loc":{"start":{"line":257,"column":6},"end":{"line":263,"column":7}},"type":"if","locations":[{"start":{"line":257,"column":6},"end":{"line":263,"column":7}},{"start":{"line":261,"column":13},"end":{"line":263,"column":7}}],"line":257},"24":{"loc":{"start":{"line":259,"column":10},"end":{"line":259,"column":63}},"type":"binary-expr","locations":[{"start":{"line":259,"column":10},"end":{"line":259,"column":57}},{"start":{"line":259,"column":61},"end":{"line":259,"column":63}}],"line":259}},"s":{"0":4,"1":4,"2":4,"3":4,"4":44,"5":44,"6":44,"7":44,"8":44,"9":44,"10":1,"11":1,"12":1,"13":1,"14":1,"15":1,"16":1,"17":1,"18":4,"19":4,"20":0,"21":4,"22":0,"23":4,"24":3,"25":3,"26":3,"27":0,"28":0,"29":0,"30":1,"31":1,"32":1,"33":1,"34":1,"35":1,"36":1,"37":1,"38":6,"39":5,"40":0,"41":5,"42":1,"43":1,"44":1,"45":0,"46":0,"47":0,"48":0,"49":0,"50":1,"51":1,"52":1,"53":1,"54":1,"55":1,"56":2,"57":1,"58":1,"59":1,"60":2,"61":2,"62":2,"63":0,"64":1,"65":0,"66":0,"67":1,"68":1,"69":1,"70":1,"71":1,"72":1,"73":1,"74":1,"75":0,"76":1,"77":0,"78":0,"79":1,"80":0,"81":2,"82":1,"83":1,"84":1,"85":1,"86":0,"87":0,"88":0,"89":14,"90":13,"91":1,"92":12,"93":1,"94":11,"95":10,"96":8,"97":8,"98":2,"99":1,"100":4},"f":{"0":44,"1":1,"2":1,"3":1,"4":4,"5":3,"6":1,"7":1,"8":1,"9":6,"10":1,"11":1,"12":2,"13":2,"14":0,"15":0,"16":1,"17":0,"18":0,"19":1,"20":14,"21":11},"b":{"0":[4,0],"1":[0,4],"2":[3,0],"3":[3,3,3,3,3],"4":[0,3],"5":[0,0],"6":[5,1],"7":[0,5],"8":[0,1],"9":[1,0,0,0,0],"10":[0,0],"11":[1],"12":[1,1],"13":[2,0,0],"14":[0,1],"15":[1,0],"16":[1,0],"17":[0,1],"18":[1,0],"19":[1,1,1,1,1],"20":[13,1],"21":[1,12],"22":[10,1],"23":[8,2],"24":[8,8]},"_coverageSchema":"1a1c01bbd47fc00a2c39e90264f33305004495a9","hash":"c8f971b5419a52f3d85ac28b5efce5ec0b36e33e"}
,"/Users/sarahallerheiligen/Desktop/ser330-crs-2025/src/instructor.js": {"path":"/Users/sarahallerheiligen/Desktop/ser330-crs-2025/src/instructor.js","statementMap":{"0":{"start":{"line":1,"column":15},"end":{"line":1,"column":37}},"1":{"start":{"line":5,"column":4},"end":{"line":5,"column":75}},"2":{"start":{"line":7,"column":4},"end":{"line":7,"column":25}},"3":{"start":{"line":11,"column":4},"end":{"line":26,"column":5}},"4":{"start":{"line":12,"column":23},"end":{"line":12,"column":108}},"5":{"start":{"line":12,"column":57},"end":{"line":12,"column":107}},"6":{"start":{"line":13,"column":21},"end":{"line":13,"column":103}},"7":{"start":{"line":13,"column":45},"end":{"line":13,"column":102}},"8":{"start":{"line":14,"column":6},"end":{"line":14,"column":52}},"9":{"start":{"line":14,"column":34},"end":{"line":14,"column":51}},"10":{"start":{"line":15,"column":11},"end":{"line":26,"column":5}},"11":{"start":{"line":16,"column":23},"end":{"line":16,"column":78}},"12":{"start":{"line":16,"column":57},"end":{"line":16,"column":77}},"13":{"start":{"line":17,"column":21},"end":{"line":17,"column":103}},"14":{"start":{"line":17,"column":45},"end":{"line":17,"column":102}},"15":{"start":{"line":18,"column":6},"end":{"line":18,"column":52}},"16":{"start":{"line":18,"column":34},"end":{"line":18,"column":51}},"17":{"start":{"line":19,"column":11},"end":{"line":26,"column":5}},"18":{"start":{"line":20,"column":23},"end":{"line":20,"column":84}},"19":{"start":{"line":20,"column":57},"end":{"line":20,"column":83}},"20":{"start":{"line":21,"column":21},"end":{"line":21,"column":103}},"21":{"start":{"line":21,"column":45},"end":{"line":21,"column":102}},"22":{"start":{"line":22,"column":6},"end":{"line":22,"column":52}},"23":{"start":{"line":22,"column":34},"end":{"line":22,"column":51}},"24":{"start":{"line":24,"column":21},"end":{"line":24,"column":111}},"25":{"start":{"line":24,"column":53},"end":{"line":24,"column":110}},"26":{"start":{"line":25,"column":6},"end":{"line":25,"column":52}},"27":{"start":{"line":25,"column":34},"end":{"line":25,"column":51}},"28":{"start":{"line":30,"column":4},"end":{"line":33,"column":48}},"29":{"start":{"line":37,"column":0},"end":{"line":37,"column":27}}},"fnMap":{"0":{"name":"(anonymous_0)","decl":{"start":{"line":4,"column":2},"end":{"line":4,"column":3}},"loc":{"start":{"line":4,"column":67},"end":{"line":8,"column":3}},"line":4},"1":{"name":"(anonymous_1)","decl":{"start":{"line":10,"column":2},"end":{"line":10,"column":3}},"loc":{"start":{"line":10,"column":45},"end":{"line":27,"column":3}},"line":10},"2":{"name":"(anonymous_2)","decl":{"start":{"line":12,"column":47},"end":{"line":12,"column":48}},"loc":{"start":{"line":12,"column":57},"end":{"line":12,"column":107}},"line":12},"3":{"name":"(anonymous_3)","decl":{"start":{"line":13,"column":35},"end":{"line":13,"column":36}},"loc":{"start":{"line":13,"column":45},"end":{"line":13,"column":102}},"line":13},"4":{"name":"(anonymous_4)","decl":{"start":{"line":14,"column":24},"end":{"line":14,"column":25}},"loc":{"start":{"line":14,"column":34},"end":{"line":14,"column":51}},"line":14},"5":{"name":"(anonymous_5)","decl":{"start":{"line":16,"column":47},"end":{"line":16,"column":48}},"loc":{"start":{"line":16,"column":57},"end":{"line":16,"column":77}},"line":16},"6":{"name":"(anonymous_6)","decl":{"start":{"line":17,"column":35},"end":{"line":17,"column":36}},"loc":{"start":{"line":17,"column":45},"end":{"line":17,"column":102}},"line":17},"7":{"name":"(anonymous_7)","decl":{"start":{"line":18,"column":24},"end":{"line":18,"column":25}},"loc":{"start":{"line":18,"column":34},"end":{"line":18,"column":51}},"line":18},"8":{"name":"(anonymous_8)","decl":{"start":{"line":20,"column":47},"end":{"line":20,"column":48}},"loc":{"start":{"line":20,"column":57},"end":{"line":20,"column":83}},"line":20},"9":{"name":"(anonymous_9)","decl":{"start":{"line":21,"column":35},"end":{"line":21,"column":36}},"loc":{"start":{"line":21,"column":45},"end":{"line":21,"column":102}},"line":21},"10":{"name":"(anonymous_10)","decl":{"start":{"line":22,"column":24},"end":{"line":22,"column":25}},"loc":{"start":{"line":22,"column":34},"end":{"line":22,"column":51}},"line":22},"11":{"name":"(anonymous_11)","decl":{"start":{"line":24,"column":43},"end":{"line":24,"column":44}},"loc":{"start":{"line":24,"column":53},"end":{"line":24,"column":110}},"line":24},"12":{"name":"(anonymous_12)","decl":{"start":{"line":25,"column":24},"end":{"line":25,"column":25}},"loc":{"start":{"line":25,"column":34},"end":{"line":25,"column":51}},"line":25},"13":{"name":"(anonymous_13)","decl":{"start":{"line":29,"column":2},"end":{"line":29,"column":3}},"loc":{"start":{"line":29,"column":14},"end":{"line":34,"column":3}},"line":29}},"branchMap":{"0":{"loc":{"start":{"line":10,"column":16},"end":{"line":10,"column":27}},"type":"default-arg","locations":[{"start":{"line":10,"column":23},"end":{"line":10,"column":27}}],"line":10},"1":{"loc":{"start":{"line":10,"column":29},"end":{"line":10,"column":43}},"type":"default-arg","locations":[{"start":{"line":10,"column":39},"end":{"line":10,"column":43}}],"line":10},"2":{"loc":{"start":{"line":11,"column":4},"end":{"line":26,"column":5}},"type":"if","locations":[{"start":{"line":11,"column":4},"end":{"line":26,"column":5}},{"start":{"line":15,"column":11},"end":{"line":26,"column":5}}],"line":11},"3":{"loc":{"start":{"line":11,"column":8},"end":{"line":11,"column":41}},"type":"binary-expr","locations":[{"start":{"line":11,"column":8},"end":{"line":11,"column":21}},{"start":{"line":11,"column":25},"end":{"line":11,"column":41}}],"line":11},"4":{"loc":{"start":{"line":12,"column":57},"end":{"line":12,"column":107}},"type":"binary-expr","locations":[{"start":{"line":12,"column":57},"end":{"line":12,"column":77}},{"start":{"line":12,"column":81},"end":{"line":12,"column":107}}],"line":12},"5":{"loc":{"start":{"line":15,"column":11},"end":{"line":26,"column":5}},"type":"if","locations":[{"start":{"line":15,"column":11},"end":{"line":26,"column":5}},{"start":{"line":19,"column":11},"end":{"line":26,"column":5}}],"line":15},"6":{"loc":{"start":{"line":19,"column":11},"end":{"line":26,"column":5}},"type":"if","locations":[{"start":{"line":19,"column":11},"end":{"line":26,"column":5}},{"start":{"line":23,"column":11},"end":{"line":26,"column":5}}],"line":19}},"s":{"0":4,"1":16,"2":16,"3":4,"4":1,"5":2,"6":1,"7":0,"8":1,"9":0,"10":3,"11":1,"12":2,"13":1,"14":0,"15":1,"16":1,"17":2,"18":1,"19":2,"20":1,"21":0,"22":1,"23":1,"24":1,"25":1,"26":1,"27":2,"28":0,"29":4},"f":{"0":16,"1":4,"2":2,"3":0,"4":0,"5":2,"6":0,"7":1,"8":2,"9":0,"10":1,"11":1,"12":2,"13":0},"b":{"0":[0],"1":[0],"2":[1,3],"3":[4,2],"4":[2,1],"5":[1,2],"6":[1,1]},"_coverageSchema":"1a1c01bbd47fc00a2c39e90264f33305004495a9","hash":"a1ba3146168ebd8fca232b2b6192cd26c7f59abd"}
,"/Users/sarahallerheiligen/Desktop/ser330-crs-2025/src/person.js": {"path":"/Users/sarahallerheiligen/Desktop/ser330-crs-2025/src/person.js","statementMap":{"0":{"start":{"line":3,"column":4},"end":{"line":3,"column":28}},"1":{"start":{"line":4,"column":4},"end":{"line":4,"column":30}},"2":{"start":{"line":5,"column":4},"end":{"line":5,"column":24}},"3":{"start":{"line":6,"column":4},"end":{"line":6,"column":44}},"4":{"start":{"line":7,"column":4},"end":{"line":7,"column":28}},"5":{"start":{"line":8,"column":4},"end":{"line":8,"column":34}},"6":{"start":{"line":12,"column":4},"end":{"line":12,"column":51}},"7":{"start":{"line":16,"column":4},"end":{"line":20,"column":54}},"8":{"start":{"line":24,"column":0},"end":{"line":24,"column":23}}},"fnMap":{"0":{"name":"(anonymous_0)","decl":{"start":{"line":2,"column":2},"end":{"line":2,"column":3}},"loc":{"start":{"line":2,"column":80},"end":{"line":9,"column":3}},"line":2},"1":{"name":"(anonymous_1)","decl":{"start":{"line":11,"column":2},"end":{"line":11,"column":3}},"loc":{"start":{"line":11,"column":15},"end":{"line":13,"column":3}},"line":11},"2":{"name":"(anonymous_2)","decl":{"start":{"line":15,"column":2},"end":{"line":15,"column":3}},"loc":{"start":{"line":15,"column":14},"end":{"line":21,"column":3}},"line":15}},"branchMap":{},"s":{"0":36,"1":36,"2":36,"3":36,"4":36,"5":36,"6":7,"7":0,"8":4},"f":{"0":36,"1":7,"2":0},"b":{},"_coverageSchema":"1a1c01bbd47fc00a2c39e90264f33305004495a9","hash":"f00b88d2c601099f8ffdee99b2859f861ba8899c"}
,"/Users/sarahallerheiligen/Desktop/ser330-crs-2025/src/student.js": {"path":"/Users/sarahallerheiligen/Desktop/ser330-crs-2025/src/student.js","statementMap":{"0":{"start":{"line":1,"column":15},"end":{"line":1,"column":37}},"1":{"start":{"line":5,"column":4},"end":{"line":5,"column":72}},"2":{"start":{"line":6,"column":4},"end":{"line":6,"column":24}},"3":{"start":{"line":7,"column":4},"end":{"line":7,"column":24}},"4":{"start":{"line":11,"column":20},"end":{"line":16,"column":8}},"5":{"start":{"line":13,"column":31},"end":{"line":13,"column":46}},"6":{"start":{"line":14,"column":8},"end":{"line":14,"column":55}},"7":{"start":{"line":14,"column":34},"end":{"line":14,"column":55}},"8":{"start":{"line":15,"column":8},"end":{"line":15,"column":36}},"9":{"start":{"line":17,"column":4},"end":{"line":17,"column":18}},"10":{"start":{"line":21,"column":16},"end":{"line":21,"column":17}},"11":{"start":{"line":22,"column":4},"end":{"line":24,"column":5}},"12":{"start":{"line":23,"column":6},"end":{"line":23,"column":31}},"13":{"start":{"line":25,"column":4},"end":{"line":25,"column":16}},"14":{"start":{"line":29,"column":17},"end":{"line":29,"column":18}},"15":{"start":{"line":30,"column":20},"end":{"line":30,"column":21}},"16":{"start":{"line":32,"column":23},"end":{"line":46,"column":5}},"17":{"start":{"line":48,"column":4},"end":{"line":53,"column":5}},"18":{"start":{"line":49,"column":6},"end":{"line":52,"column":7}},"19":{"start":{"line":50,"column":8},"end":{"line":50,"column":68}},"20":{"start":{"line":51,"column":8},"end":{"line":51,"column":37}},"21":{"start":{"line":55,"column":16},"end":{"line":55,"column":56}},"22":{"start":{"line":56,"column":4},"end":{"line":56,"column":14}},"23":{"start":{"line":60,"column":4},"end":{"line":66,"column":46}},"24":{"start":{"line":70,"column":0},"end":{"line":70,"column":24}}},"fnMap":{"0":{"name":"(anonymous_0)","decl":{"start":{"line":4,"column":2},"end":{"line":4,"column":3}},"loc":{"start":{"line":4,"column":67},"end":{"line":8,"column":3}},"line":4},"1":{"name":"(anonymous_1)","decl":{"start":{"line":10,"column":2},"end":{"line":10,"column":3}},"loc":{"start":{"line":10,"column":18},"end":{"line":18,"column":3}},"line":10},"2":{"name":"(anonymous_2)","decl":{"start":{"line":12,"column":12},"end":{"line":12,"column":13}},"loc":{"start":{"line":12,"column":22},"end":{"line":16,"column":7}},"line":12},"3":{"name":"(anonymous_3)","decl":{"start":{"line":20,"column":2},"end":{"line":20,"column":3}},"loc":{"start":{"line":20,"column":17},"end":{"line":26,"column":3}},"line":20},"4":{"name":"(anonymous_4)","decl":{"start":{"line":28,"column":2},"end":{"line":28,"column":3}},"loc":{"start":{"line":28,"column":13},"end":{"line":57,"column":3}},"line":28},"5":{"name":"(anonymous_5)","decl":{"start":{"line":59,"column":2},"end":{"line":59,"column":3}},"loc":{"start":{"line":59,"column":14},"end":{"line":67,"column":3}},"line":59}},"branchMap":{"0":{"loc":{"start":{"line":14,"column":8},"end":{"line":14,"column":55}},"type":"if","locations":[{"start":{"line":14,"column":8},"end":{"line":14,"column":55}},{"start":{},"end":{}}],"line":14},"1":{"loc":{"start":{"line":49,"column":6},"end":{"line":52,"column":7}},"type":"if","locations":[{"start":{"line":49,"column":6},"end":{"line":52,"column":7}},{"start":{},"end":{}}],"line":49},"2":{"loc":{"start":{"line":55,"column":16},"end":{"line":55,"column":56}},"type":"cond-expr","locations":[{"start":{"line":55,"column":34},"end":{"line":55,"column":35}},{"start":{"line":55,"column":38},"end":{"line":55,"column":56}}],"line":55}},"s":{"0":4,"1":17,"2":17,"3":17,"4":4,"5":6,"6":6,"7":6,"8":0,"9":4,"10":6,"11":6,"12":4,"13":6,"14":5,"15":5,"16":5,"17":5,"18":1,"19":0,"20":0,"21":5,"22":5,"23":4,"24":4},"f":{"0":17,"1":4,"2":6,"3":6,"4":5,"5":4},"b":{"0":[6,0],"1":[0,1],"2":[5,0]},"_coverageSchema":"1a1c01bbd47fc00a2c39e90264f33305004495a9","hash":"e3365ad779d0deaffed7f51cc0d13b7169e8d0f8"}
}
