TN:
SF:src/course-offering.js
FN:4,(anonymous_0)
FN:14,(anonymous_1)
FN:21,(anonymous_2)
FN:25,(anonymous_3)
FN:50,(anonymous_4)
FN:58,(anonymous_5)
FNF:6
FNH:5
FNDA:19,(anonymous_0)
FNDA:1,(anonymous_1)
FNDA:1,(anonymous_2)
FNDA:4,(anonymous_3)
FNDA:0,(anonymous_4)
FNDA:12,(anonymous_5)
DA:1,4
DA:5,19
DA:6,19
DA:7,19
DA:8,19
DA:9,19
DA:10,19
DA:11,19
DA:15,1
DA:16,1
DA:17,1
DA:22,1
DA:26,4
DA:41,4
DA:42,4
DA:43,4
DA:44,4
DA:46,0
DA:51,0
DA:52,0
DA:54,0
DA:59,12
DA:60,0
DA:62,12
DA:67,4
LF:25
LH:20
BRDA:41,0,0,4
BRDA:41,0,1,0
BRDA:41,1,0,4
BRDA:41,1,1,4
BRDA:51,2,0,0
BRDA:51,2,1,0
BRDA:59,3,0,0
BRDA:59,3,1,12
BRF:8
BRH:4
end_of_record
TN:
SF:src/course.js
FN:2,(anonymous_0)
FN:9,(anonymous_1)
FNF:2
FNH:1
FNDA:21,(anonymous_0)
FNDA:0,(anonymous_1)
DA:3,21
DA:4,21
DA:5,21
DA:6,21
DA:11,0
DA:15,4
LF:6
LH:5
BRF:0
BRH:0
end_of_record
TN:
SF:src/institution.js
FN:9,(anonymous_0)
FN:19,(anonymous_1)
FN:25,(anonymous_2)
FN:29,(anonymous_3)
FN:38,(anonymous_4)
FN:55,(anonymous_5)
FN:86,(anonymous_6)
FN:91,(anonymous_7)
FN:94,(anonymous_8)
FN:101,(anonymous_9)
FN:115,(anonymous_10)
FN:152,(anonymous_11)
FN:166,(anonymous_12)
FN:174,(anonymous_13)
FN:179,(anonymous_14)
FN:182,(anonymous_15)
FN:194,(anonymous_16)
FN:196,(anonymous_17)
FN:199,(anonymous_18)
FN:213,(anonymous_19)
FN:243,(anonymous_20)
FN:255,(anonymous_21)
FNF:22
FNH:18
FNDA:44,(anonymous_0)
FNDA:1,(anonymous_1)
FNDA:1,(anonymous_2)
FNDA:1,(anonymous_3)
FNDA:4,(anonymous_4)
FNDA:3,(anonymous_5)
FNDA:1,(anonymous_6)
FNDA:1,(anonymous_7)
FNDA:1,(anonymous_8)
FNDA:6,(anonymous_9)
FNDA:1,(anonymous_10)
FNDA:1,(anonymous_11)
FNDA:2,(anonymous_12)
FNDA:2,(anonymous_13)
FNDA:0,(anonymous_14)
FNDA:0,(anonymous_15)
FNDA:1,(anonymous_16)
FNDA:0,(anonymous_17)
FNDA:0,(anonymous_18)
FNDA:1,(anonymous_19)
FNDA:14,(anonymous_20)
FNDA:11,(anonymous_21)
DA:1,4
DA:2,4
DA:3,4
DA:4,4
DA:10,44
DA:11,44
DA:12,44
DA:13,44
DA:14,44
DA:15,44
DA:20,1
DA:24,1
DA:25,1
DA:27,1
DA:29,1
DA:31,1
DA:34,1
DA:39,4
DA:40,4
DA:41,0
DA:45,4
DA:48,0
DA:52,4
DA:64,3
DA:65,3
DA:72,3
DA:73,0
DA:74,0
DA:78,0
DA:87,1
DA:90,1
DA:91,1
DA:93,1
DA:94,1
DA:95,1
DA:98,1
DA:102,6
DA:103,5
DA:104,0
DA:108,5
DA:111,1
DA:124,1
DA:125,1
DA:132,0
DA:133,0
DA:137,0
DA:138,0
DA:139,0
DA:144,1
DA:153,1
DA:156,1
DA:157,1
DA:159,1
DA:162,1
DA:167,2
DA:168,1
DA:169,1
DA:172,1
DA:173,2
DA:175,2
DA:179,2
DA:181,1
DA:182,0
DA:184,1
DA:187,1
DA:188,1
DA:191,1
DA:192,1
DA:193,1
DA:194,1
DA:196,1
DA:198,1
DA:199,0
DA:201,1
DA:204,0
DA:209,2
DA:221,1
DA:222,1
DA:229,1
DA:232,1
DA:233,0
DA:236,0
DA:240,0
DA:244,14
DA:245,13
DA:246,1
DA:248,12
DA:251,1
DA:256,11
DA:257,10
DA:258,8
DA:260,8
DA:262,2
DA:265,1
DA:270,4
LF:95
LH:78
BRDA:39,0,0,4
BRDA:39,0,1,0
BRDA:40,1,0,0
BRDA:40,1,1,4
BRDA:65,2,0,3
BRDA:65,2,1,0
BRDA:66,3,0,3
BRDA:66,3,1,3
BRDA:66,3,2,3
BRDA:66,3,3,3
BRDA:66,3,4,3
BRDA:72,4,0,0
BRDA:72,4,1,3
BRDA:73,5,0,0
BRDA:73,5,1,0
BRDA:102,6,0,5
BRDA:102,6,1,1
BRDA:103,7,0,0
BRDA:103,7,1,5
BRDA:125,8,0,0
BRDA:125,8,1,1
BRDA:126,9,0,1
BRDA:126,9,1,0
BRDA:126,9,2,0
BRDA:126,9,3,0
BRDA:126,9,4,0
BRDA:132,10,0,0
BRDA:132,10,1,0
BRDA:166,11,0,1
BRDA:167,12,0,1
BRDA:167,12,1,1
BRDA:175,13,0,2
BRDA:175,13,1,0
BRDA:175,13,2,0
BRDA:181,14,0,0
BRDA:181,14,1,1
BRDA:191,15,0,1
BRDA:191,15,1,0
BRDA:194,16,0,1
BRDA:194,16,1,0
BRDA:198,17,0,0
BRDA:198,17,1,1
BRDA:222,18,0,1
BRDA:222,18,1,0
BRDA:223,19,0,1
BRDA:223,19,1,1
BRDA:223,19,2,1
BRDA:223,19,3,1
BRDA:223,19,4,1
BRDA:244,20,0,13
BRDA:244,20,1,1
BRDA:245,21,0,1
BRDA:245,21,1,12
BRDA:256,22,0,10
BRDA:256,22,1,1
BRDA:257,23,0,8
BRDA:257,23,1,2
BRDA:259,24,0,8
BRDA:259,24,1,8
BRF:59
BRH:38
end_of_record
TN:
SF:src/instructor.js
FN:4,(anonymous_0)
FN:10,(anonymous_1)
FN:12,(anonymous_2)
FN:13,(anonymous_3)
FN:14,(anonymous_4)
FN:16,(anonymous_5)
FN:17,(anonymous_6)
FN:18,(anonymous_7)
FN:20,(anonymous_8)
FN:21,(anonymous_9)
FN:22,(anonymous_10)
FN:24,(anonymous_11)
FN:25,(anonymous_12)
FN:29,(anonymous_13)
FNF:14
FNH:9
FNDA:16,(anonymous_0)
FNDA:4,(anonymous_1)
FNDA:2,(anonymous_2)
FNDA:0,(anonymous_3)
FNDA:0,(anonymous_4)
FNDA:2,(anonymous_5)
FNDA:0,(anonymous_6)
FNDA:1,(anonymous_7)
FNDA:2,(anonymous_8)
FNDA:0,(anonymous_9)
FNDA:1,(anonymous_10)
FNDA:1,(anonymous_11)
FNDA:2,(anonymous_12)
FNDA:0,(anonymous_13)
DA:1,4
DA:5,16
DA:7,16
DA:11,4
DA:12,2
DA:13,1
DA:14,1
DA:15,3
DA:16,2
DA:17,1
DA:18,1
DA:19,2
DA:20,2
DA:21,1
DA:22,1
DA:24,1
DA:25,2
DA:30,0
DA:37,4
LF:19
LH:18
BRDA:10,0,0,0
BRDA:10,1,0,0
BRDA:11,2,0,1
BRDA:11,2,1,3
BRDA:11,3,0,4
BRDA:11,3,1,2
BRDA:12,4,0,2
BRDA:12,4,1,1
BRDA:15,5,0,1
BRDA:15,5,1,2
BRDA:19,6,0,1
BRDA:19,6,1,1
BRF:12
BRH:10
end_of_record
TN:
SF:src/person.js
FN:2,(anonymous_0)
FN:11,(anonymous_1)
FN:15,(anonymous_2)
FNF:3
FNH:2
FNDA:36,(anonymous_0)
FNDA:7,(anonymous_1)
FNDA:0,(anonymous_2)
DA:3,36
DA:4,36
DA:5,36
DA:6,36
DA:7,36
DA:8,36
DA:12,7
DA:16,0
DA:24,4
LF:9
LH:8
BRF:0
BRH:0
end_of_record
TN:
SF:src/student.js
FN:4,(anonymous_0)
FN:10,(anonymous_1)
FN:12,(anonymous_2)
FN:20,(anonymous_3)
FN:28,(anonymous_4)
FN:59,(anonymous_5)
FNF:6
FNH:6
FNDA:17,(anonymous_0)
FNDA:4,(anonymous_1)
FNDA:6,(anonymous_2)
FNDA:6,(anonymous_3)
FNDA:5,(anonymous_4)
FNDA:4,(anonymous_5)
DA:1,4
DA:5,17
DA:6,17
DA:7,17
DA:11,4
DA:13,6
DA:14,6
DA:15,0
DA:17,4
DA:21,6
DA:22,6
DA:23,4
DA:25,6
DA:29,5
DA:30,5
DA:32,5
DA:48,5
DA:49,1
DA:50,0
DA:51,0
DA:55,5
DA:56,5
DA:60,4
DA:70,4
LF:24
LH:21
BRDA:14,0,0,6
BRDA:14,0,1,0
BRDA:49,1,0,0
BRDA:49,1,1,1
BRDA:55,2,0,5
BRDA:55,2,1,0
BRF:6
BRH:3
end_of_record
